<?xml version="1.0" encoding="UTF-8"?>
<!-- Generated by org.testng.reporters.JUnitXMLReporter -->
<testsuite ignored="1" hostname="Koushik" failures="0" tests="1" name="greenkartshoping" time="25.487" errors="0" timestamp="2026-03-25T23:09:38 IST">
  <testcase classname="testpackage.greenkartshoping" name="shopping" time="21.674"/>
  <testcase classname="testpackage.greenkartshoping" name="flightbookingtest" time="0.0">
    <ignored/>
  </testcase> <!-- flightbookingtest -->
</testsuite> <!-- greenkartshoping -->
