<?xml version="1.0" encoding="UTF-8"?>
<!-- Generated by org.testng.reporters.JUnitXMLReporter -->
<testsuite ignored="0" hostname="Koushik" failures="2" tests="6" name="logintest" time="16.965" errors="0" timestamp="2026-04-06T21:57:23 IST">
  <testcase classname="testpackage.logintest" name="login" time="1.384"/>
  <testcase classname="testpackage.logintest" name="login" time="0.354">
    <failure type="java.lang.AssertionError" message="The following asserts failed:
	expected [https://www.saucedemo.com/inventory.html] but found [https://www.saucedemo.com/]">
      <![CDATA[java.lang.AssertionError: The following asserts failed:
expected [https://www.saucedemo.com/inventory.html] but found [https://www.saucedemo.com/]
at testpackage.logintest.login(logintest.java:30)
at java.base/java.util.ArrayList.forEach(ArrayList.java:1596)
at java.base/java.util.concurrent.FutureTask.run(FutureTask.java:317)
at java.base/java.util.concurrent.ThreadPoolExecutor.runWorker(ThreadPoolExecutor.java:1144)
at java.base/java.util.concurrent.ThreadPoolExecutor$Worker.run(ThreadPoolExecutor.java:642)
at java.base/java.lang.Thread.run(Thread.java:1583)
... Removed 17 stack frames]]>
    </failure>
  </testcase> <!-- login -->
  <testcase classname="testpackage.logintest" name="login" time="0.609">
    <failure type="java.lang.AssertionError" message="The following asserts failed:
	expected [https://www.saucedemo.com/inventory.html] but found [https://www.saucedemo.com/]">
      <![CDATA[java.lang.AssertionError: The following asserts failed:
expected [https://www.saucedemo.com/inventory.html] but found [https://www.saucedemo.com/]
at testpackage.logintest.login(logintest.java:30)
at java.base/java.util.ArrayList.forEach(ArrayList.java:1596)
at java.base/java.util.concurrent.FutureTask.run(FutureTask.java:317)
at java.base/java.util.concurrent.ThreadPoolExecutor.runWorker(ThreadPoolExecutor.java:1144)
at java.base/java.util.concurrent.ThreadPoolExecutor$Worker.run(ThreadPoolExecutor.java:642)
at java.base/java.lang.Thread.run(Thread.java:1583)
... Removed 17 stack frames]]>
    </failure>
  </testcase> <!-- login -->
  <testcase classname="testpackage.logintest" name="login" time="5.527"/>
  <testcase classname="testpackage.logintest" name="login" time="0.821"/>
  <testcase classname="testpackage.logintest" name="login" time="1.106"/>
</testsuite> <!-- logintest -->
