<?xml version="1.0" encoding="UTF-8"?>
<!-- Generated by org.testng.reporters.JUnitXMLReporter -->
<testsuite ignored="0" hostname="Koushik" failures="2" tests="6" name="Test" time="11.236" errors="0" timestamp="2026-03-31T22:22:14 IST">
  <testcase classname="testpackage.logintest" name="login" time="1.022"/>
  <testcase classname="testpackage.logintest" name="login" time="0.345">
    <failure type="java.lang.AssertionError" message="The following asserts failed:
	expected [https://www.saucedemo.com/inventory.html] but found [https://www.saucedemo.com/]">
      <![CDATA[java.lang.AssertionError: The following asserts failed:
expected [https://www.saucedemo.com/inventory.html] but found [https://www.saucedemo.com/]
at testpackage.logintest.login(logintest.java:30)
at java.base/java.util.ArrayList.forEach(ArrayList.java:1596)
... Removed 27 stack frames]]>
    </failure>
  </testcase> <!-- login -->
  <testcase classname="testpackage.logintest" name="login" time="0.271">
    <failure type="java.lang.AssertionError" message="The following asserts failed:
	expected [https://www.saucedemo.com/inventory.html] but found [https://www.saucedemo.com/]">
      <![CDATA[java.lang.AssertionError: The following asserts failed:
expected [https://www.saucedemo.com/inventory.html] but found [https://www.saucedemo.com/]
at testpackage.logintest.login(logintest.java:30)
at java.base/java.util.ArrayList.forEach(ArrayList.java:1596)
... Removed 27 stack frames]]>
    </failure>
  </testcase> <!-- login -->
  <testcase classname="testpackage.logintest" name="login" time="5.387"/>
  <testcase classname="testpackage.logintest" name="login" time="0.403"/>
  <testcase classname="testpackage.logintest" name="login" time="0.289"/>
</testsuite> <!-- Test -->
