<?xml version="1.0" encoding="UTF-8"?>
<!-- Generated by org.testng.reporters.JUnitReportReporter -->
<testsuite hostname="Koushik" failures="1" tests="6" name="loginstep.loginrunner" time="22.944" errors="0" timestamp="2026-04-27T22:47:37 IST" skipped="0">
  <testcase classname="loginstep.loginrunner" name="runScenario" time="2.521">
    <failure message="The following asserts failed:
	expected [https://www.saucedemo.com/inventory.html] but found [https://www.saucedemo.com/]" type="java.lang.AssertionError">
      <![CDATA[java.lang.AssertionError: The following asserts failed:
expected [https://www.saucedemo.com/inventory.html] but found [https://www.saucedemo.com/]
at org.testng.asserts.SoftAssert.assertAll(SoftAssert.java:46)
at org.testng.asserts.SoftAssert.assertAll(SoftAssert.java:30)
at loginstep.loginstepdefination.verify(loginstepdefination.java:45)
at ✽.inventory page should display with url "https://www.saucedemo.com/inventory.html"(file:///C:/Users/koush/eclipse-workspace/PageObjectModel6/features/login.feature:7)
]]>
    </failure>
  </testcase> <!-- runScenario -->
  <testcase classname="loginstep.loginrunner" name="runScenario" time="3.086"/>
  <testcase classname="loginstep.loginrunner" name="runScenario" time="2.860"/>
  <testcase classname="loginstep.loginrunner" name="runScenario" time="4.322"/>
  <testcase classname="loginstep.loginrunner" name="runScenario" time="2.538"/>
  <testcase classname="loginstep.loginrunner" name="runScenario" time="7.617"/>
</testsuite> <!-- loginstep.loginrunner -->
