<?xml version="1.0" encoding="UTF-8"?>
<!-- Generated by org.testng.reporters.JUnitReportReporter -->
<testsuite hostname="Koushik" failures="0" tests="2" name="testpackage.greenkartshoping" time="21.674" errors="0" timestamp="2026-03-25T23:09:38 IST" skipped="1">
  <testcase classname="testpackage.greenkartshoping" name="shopping" time="21.674"/>
  <testcase classname="testpackage.greenkartshoping" name="flightbookingtest">
    <skipped/>
  </testcase> <!-- flightbookingtest -->
</testsuite> <!-- testpackage.greenkartshoping -->
